#
# A fatal error has been detected by the Java Runtime Environment:
#
#  EXCEPTION_ACCESS_VIOLATION (0xc0000005) at pc=0x6d8ea27e, pid=660, tid=4056
#
# JRE version: 6.0_24-b07
# Java VM: Java HotSpot(TM) Client VM (19.1-b02 mixed mode, sharing windows-x86 )
# Problematic frame:
# V  [jvm.dll+0xfa27e]
#
# If you would like to submit a bug report, please visit:
#   http://java.sun.com/webapps/bugreport/crash.jsp
#

---------------  T H R E A D  ---------------

Current thread (0x02fcfc00):  JavaThread "Java2D Disposer" daemon [_thread_in_vm, id=4056, stack(0x03160000,0x031b0000)]

siginfo: ExceptionCode=0xc0000005, reading address 0x00000000

Registers:
EAX=0x02bce488, EBX=0x00000000, ECX=0x00000000, EDX=0x031af8f0
ESP=0x031af8e0, EBP=0x031af974, ESI=0x02fcfc00, EDI=0x02fabf30
EIP=0x6d8ea27e, EFLAGS=0x00010202

Register to memory mapping:

EAX=0x02bce488
0x02bce488 is pointing to unknown location

EBX=0x00000000
0x00000000 is pointing to unknown location

ECX=0x00000000
0x00000000 is pointing to unknown location

EDX=0x031af8f0
0x031af8f0 is pointing into the stack for thread: 0x02fcfc00
"Java2D Disposer" daemon prio=10 tid=0x02fcfc00 nid=0xfd8 runnable [0x031af000]
   java.lang.Thread.State: RUNNABLE

ESP=0x031af8e0
0x031af8e0 is pointing into the stack for thread: 0x02fcfc00
"Java2D Disposer" daemon prio=10 tid=0x02fcfc00 nid=0xfd8 runnable [0x031af000]
   java.lang.Thread.State: RUNNABLE

EBP=0x031af974
0x031af974 is pointing into the stack for thread: 0x02fcfc00
"Java2D Disposer" daemon prio=10 tid=0x02fcfc00 nid=0xfd8 runnable [0x031af000]
   java.lang.Thread.State: RUNNABLE

ESI=0x02fcfc00
"Java2D Disposer" daemon prio=10 tid=0x02fcfc00 nid=0xfd8 runnable [0x031af000]
   java.lang.Thread.State: RUNNABLE

EDI=0x02fabf30
0x02fabf30 is pointing to unknown location


Top of Stack: (sp=0x031af8e0)
0x031af8e0:   030ac1b0 02fcfd18 02fcfc00 00000000
0x031af8f0:   02bce488 7c92084c 000c7bf0 7c920981
0x031af900:   000b0608 7c92005d 000c7788 000c7768
0x031af910:   030601ac 00000000 00000002 031af8f0
0x031af920:   031af911 00000001 00000008 0306f300
0x031af930:   003a0000 031af944 00000000 7c9200b8
0x031af940:   02fb2b18 031afa10 7c920041 003a0898
0x031af950:   7c92005d 02fcfd18 02fb2b20 02bc5970 

Instructions: (pc=0x6d8ea27e)
0x6d8ea26e:   b0 8b 55 a8 8b 45 f4 89 04 8a ff 45 b0 8b 5d fc
0x6d8ea27e:   8b 03 8b 48 08 0f b7 51 2a 8b 40 0c 8b 4c 90 24 


Stack: [0x03160000,0x031b0000],  sp=0x031af8e0,  free space=318k
Native frames: (J=compiled Java code, j=interpreted, Vv=VM code, C=native code)
V  [jvm.dll+0xfa27e]
V  [jvm.dll+0xfd0c7]
C  [awt.dll+0x6c7cc]
j  java.awt.Cursor.finalizeImpl(J)V+0
j  java.awt.Cursor.access$000(J)V+1
j  java.awt.Cursor$CursorDisposer.dispose()V+13
j  sun.java2d.Disposer.run()V+26
j  java.lang.Thread.run()V+11
v  ~StubRoutines::call_stub
V  [jvm.dll+0xf0ab9]
V  [jvm.dll+0x1837d1]
V  [jvm.dll+0xf0c61]
V  [jvm.dll+0xf0cbb]
V  [jvm.dll+0x11b4b9]
V  [jvm.dll+0x1e4624]
V  [jvm.dll+0x18317c]
C  [msvcr71.dll+0x9565]
C  [kernel32.dll+0xb729]

Java frames: (J=compiled Java code, j=interpreted, Vv=VM code)
j  java.awt.Cursor.finalizeImpl(J)V+0
j  java.awt.Cursor.access$000(J)V+1
j  java.awt.Cursor$CursorDisposer.dispose()V+13
j  sun.java2d.Disposer.run()V+26
j  java.lang.Thread.run()V+11
v  ~StubRoutines::call_stub

---------------  P R O C E S S  ---------------

Java Threads: ( => current thread )
  0x03432c00 JavaThread "Thread-1" daemon [_thread_in_native, id=3368, stack(0x03330000,0x03380000)]
  0x035a3800 JavaThread "TimerQueue" daemon [_thread_blocked, id=3972, stack(0x03380000,0x033d0000)]
  0x003a7800 JavaThread "DestroyJavaVM" [_thread_blocked, id=3096, stack(0x00990000,0x009e0000)]
  0x03529000 JavaThread "AWT-EventQueue-0" [_thread_blocked, id=3092, stack(0x03b60000,0x03bb0000)]
  0x02fad400 JavaThread "AWT-Shutdown" [_thread_blocked, id=632, stack(0x031b0000,0x03200000)]
=>0x02fcfc00 JavaThread "Java2D Disposer" daemon [_thread_in_vm, id=4056, stack(0x03160000,0x031b0000)]
  0x02bb1400 JavaThread "Low Memory Detector" daemon [_thread_blocked, id=1576, stack(0x02e20000,0x02e70000)]
  0x02ba2c00 JavaThread "CompilerThread0" daemon [_thread_blocked, id=932, stack(0x02dd0000,0x02e20000)]
  0x02ba1000 JavaThread "Attach Listener" daemon [_thread_blocked, id=364, stack(0x02d80000,0x02dd0000)]
  0x02b9fc00 JavaThread "Signal Dispatcher" daemon [_thread_blocked, id=1268, stack(0x02d30000,0x02d80000)]
  0x02b9c000 JavaThread "Finalizer" daemon [_thread_blocked, id=220, stack(0x02ce0000,0x02d30000)]
  0x02b97400 JavaThread "Reference Handler" daemon [_thread_blocked, id=3376, stack(0x02c90000,0x02ce0000)]

Other Threads:
  0x02b5b000 VMThread [stack: 0x02c40000,0x02c90000] [id=1904]
  0x02bc4c00 WatcherThread [stack: 0x02e70000,0x02ec0000] [id=3596]

VM state:synchronizing (normal execution)

VM Mutex/Monitor currently owned by a thread:  ([mutex/lock_event])
[0x003a65f8] Threads_lock - owner thread: 0x02b5b000

Heap
 def new generation   total 4800K, used 253K [0x22a60000, 0x22f90000, 0x25500000)
  eden space 4288K,   1% used [0x22a60000, 0x22a6c278, 0x22e90000)
  from space 512K,  40% used [0x22e90000, 0x22ec3338, 0x22f10000)
  to   space 512K,   0% used [0x22f10000, 0x22f10000, 0x22f90000)
 tenured generation   total 10600K, used 6358K [0x25500000, 0x25f5a000, 0x2aa60000)
   the space 10600K,  59% used [0x25500000, 0x25b35b10, 0x25b35c00, 0x25f5a000)
 compacting perm gen  total 12288K, used 2462K [0x2aa60000, 0x2b660000, 0x2ea60000)
   the space 12288K,  20% used [0x2aa60000, 0x2acc7b70, 0x2acc7c00, 0x2b660000)
    ro space 10240K,  51% used [0x2ea60000, 0x2ef8cf58, 0x2ef8d000, 0x2f460000)
    rw space 12288K,  54% used [0x2f460000, 0x2faf8f50, 0x2faf9000, 0x30060000)

Dynamic libraries:
0x00400000 - 0x00424000 	C:\Archivos de programa\Java\jre6\bin\javaw.exe
0x7c910000 - 0x7c9c8000 	C:\WINDOWS\system32\ntdll.dll
0x7c800000 - 0x7c903000 	C:\WINDOWS\system32\kernel32.dll
0x64d00000 - 0x64d31000 	C:\Archivos de programa\Alwil Software\Avast5\snxhk.dll
0x77da0000 - 0x77e4c000 	C:\WINDOWS\system32\ADVAPI32.dll
0x77e50000 - 0x77ee3000 	C:\WINDOWS\system32\RPCRT4.dll
0x77fc0000 - 0x77fd1000 	C:\WINDOWS\system32\Secur32.dll
0x7e390000 - 0x7e421000 	C:\WINDOWS\system32\USER32.dll
0x77ef0000 - 0x77f39000 	C:\WINDOWS\system32\GDI32.dll
0x7c340000 - 0x7c396000 	C:\Archivos de programa\Java\jre6\bin\msvcr71.dll
0x6d7f0000 - 0x6da96000 	C:\Archivos de programa\Java\jre6\bin\client\jvm.dll
0x76b00000 - 0x76b2e000 	C:\WINDOWS\system32\WINMM.dll
0x6d7a0000 - 0x6d7ac000 	C:\Archivos de programa\Java\jre6\bin\verify.dll
0x6d320000 - 0x6d33f000 	C:\Archivos de programa\Java\jre6\bin\java.dll
0x6d280000 - 0x6d288000 	C:\Archivos de programa\Java\jre6\bin\hpi.dll
0x76bb0000 - 0x76bbb000 	C:\WINDOWS\system32\PSAPI.DLL
0x6d7e0000 - 0x6d7ef000 	C:\Archivos de programa\Java\jre6\bin\zip.dll
0x6d000000 - 0x6d14a000 	C:\Archivos de programa\Java\jre6\bin\awt.dll
0x72f80000 - 0x72fa6000 	C:\WINDOWS\system32\WINSPOOL.DRV
0x77be0000 - 0x77c38000 	C:\WINDOWS\system32\msvcrt.dll
0x76340000 - 0x7635d000 	C:\WINDOWS\system32\IMM32.dll
0x774b0000 - 0x775ee000 	C:\WINDOWS\system32\ole32.dll
0x773a0000 - 0x774a3000 	C:\WINDOWS\WinSxS\x86_Microsoft.Windows.Common-Controls_6595b64144ccf1df_6.0.2600.6028_x-ww_61e65202\COMCTL32.dll
0x77f40000 - 0x77fb6000 	C:\WINDOWS\system32\SHLWAPI.dll
0x5b150000 - 0x5b188000 	C:\WINDOWS\system32\uxtheme.dll
0x746b0000 - 0x746fc000 	C:\WINDOWS\system32\MSCTF.dll
0x7e6a0000 - 0x7eec1000 	C:\WINDOWS\system32\shell32.dll
0x6d230000 - 0x6d27f000 	C:\Archivos de programa\Java\jre6\bin\fontmanager.dll
0x6d600000 - 0x6d613000 	C:\Archivos de programa\Java\jre6\bin\net.dll
0x71a30000 - 0x71a47000 	C:\WINDOWS\system32\WS2_32.dll
0x71a20000 - 0x71a28000 	C:\WINDOWS\system32\WS2HELP.dll
0x6d620000 - 0x6d629000 	C:\Archivos de programa\Java\jre6\bin\nio.dll
0x719d0000 - 0x71a10000 	C:\WINDOWS\System32\mswsock.dll
0x76ee0000 - 0x76f07000 	C:\WINDOWS\system32\DNSAPI.dll
0x76f70000 - 0x76f78000 	C:\WINDOWS\System32\winrnr.dll
0x76f20000 - 0x76f4d000 	C:\WINDOWS\system32\WLDAP32.dll
0x76f80000 - 0x76f86000 	C:\WINDOWS\system32\rasadhlp.dll
0x66740000 - 0x66799000 	C:\WINDOWS\system32\hnetcfg.dll
0x71a10000 - 0x71a18000 	C:\WINDOWS\System32\wshtcpip.dll
0x6d1a0000 - 0x6d1c3000 	C:\Archivos de programa\Java\jre6\bin\dcpr.dll

VM Arguments:
jvm_args: -Dfile.encoding=UTF-8 
java_command: Principal.Gui.GuiPrincipal
Launcher Type: SUN_STANDARD

Environment Variables:
PATH=C:/Archivos de programa/Java/jre6/bin/client;C:/Archivos de programa/Java/jre6/bin;C:\Archivos de programa\MiKTeX 2.9\miktex\bin;C:\WINDOWS\system32;C:\WINDOWS;C:\WINDOWS\System32\Wbem;C:\Archivos de programa\Java\jdk1.6.0_24\bin;C:\Archivos de programa\Git\cmd
USERNAME=camilo
OS=Windows_NT
PROCESSOR_IDENTIFIER=x86 Family 15 Model 2 Stepping 9, GenuineIntel



---------------  S Y S T E M  ---------------

OS: Windows XP Build 2600 Service Pack 3

CPU:total 1 (1 cores per cpu, 1 threads per core) family 15 model 2 stepping 9, cmov, cx8, fxsr, mmx, sse, sse2

Memory: 4k page, physical 523760k(92264k free), swap 1277816k(717132k free)

vm_info: Java HotSpot(TM) Client VM (19.1-b02) for windows-x86 JRE (1.6.0_24-b07), built on Feb  2 2011 17:44:41 by "java_re" with MS VC++ 7.1 (VS2003)

time: Mon Jun 06 11:37:38 2011
elapsed time: 49 seconds

