#
# A fatal error has been detected by the Java Runtime Environment:
#
#  EXCEPTION_ACCESS_VIOLATION (0xc0000005) at pc=0x009ee9be, pid=3572, tid=3868
#
# JRE version: 6.0_24-b07
# Java VM: Java HotSpot(TM) Client VM (19.1-b02 mixed mode, sharing windows-x86 )
# Problematic frame:
# 
[error occurred during error reporting (printing problematic frame), id 0xc0000005]

# If you would like to submit a bug report, please visit:
#   http://java.sun.com/webapps/bugreport/crash.jsp
#

---------------  T H R E A D  ---------------

Current thread (0x003a6800):  JavaThread "main" [_thread_in_Java, id=3868, stack(0x00990000,0x009e0000)]

siginfo: ExceptionCode=0xc0000005, reading address 0x2b8b21e8

Registers:
EAX=0x00000052, EBX=0x2b8b21d0, ECX=0x003a6800, EDX=0x00000008
ESP=0x009df6a8, EBP=0x009df6c8, ESI=0x2ecf8de2, EDI=0x00000000
EIP=0x009ee9be, EFLAGS=0x00010206

Register to memory mapping:

EAX=0x00000052
0x00000052 is pointing to unknown location

EBX=0x2b8b21d0
0x2b8b21d0 is an unallocated location in the heap

ECX=0x003a6800
"main" prio=6 tid=0x003a6800 nid=0xf1c runnable [0x00000000]
   java.lang.Thread.State: RUNNABLE

EDX=0x00000008
0x00000008 is pointing to unknown location

ESP=0x009df6a8
0x009df6a8 is pointing into the stack for thread: 0x003a6800
"main" prio=6 tid=0x003a6800 nid=0xf1c runnable [0x00000000]
   java.lang.Thread.State: RUNNABLE

EBP=0x009df6c8
0x009df6c8 is pointing into the stack for thread: 0x003a6800
"main" prio=6 tid=0x003a6800 nid=0xf1c runnable [0x00000000]
   java.lang.Thread.State: RUNNABLE

ESI=0x2ecf8de2
{constMethod} 
 - klass: {other class}
 - method:       0x2f8b21d0 {method} 'getLineWidth' '(Ljavax/swing/text/Element;)I' in 'javax/swing/text/PlainView'
 - exceptions:   0x2ecf8de8
bci_from(2ECF8DE2) = 74; print_codes():

EDI=0x00000000
0x00000000 is pointing to unknown location


Top of Stack: (sp=0x009df6a8)
0x009df6a8:   009df6a8 2ecf8ddd 009df6e8 2f8b1910
0x009df6b8:   00000000 2b8b21d0 00000000 009df6e4
0x009df6c8:   009df70c 009e2f45 00000000 22ba3918
0x009df6d8:   00000052 0000000f 00000000 22ba2278
0x009df6e8:   22bb1230 009df6ec 2ecf991c 009df744
0x009df6f8:   2f8b1910 00000000 2f8b2720 009df6e4
0x009df708:   009df738 009df768 009e2e21 00000000
0x009df718:   00000000 00000000 22ba2240 00000000 

Instructions: (pc=0x009ee9be)
0x009ee9ae:   69 01 00 00 8b fb c6 81 69 01 00 00 00 8b 5d f4
0x009ee9be:   8b 4b 18 f7 c1 20 00 00 00 0f 84 18 01 00 00 8b 


Stack: [0x00990000,0x009e0000],  sp=0x009df6a8,  free space=317k
Native frames: (J=compiled Java code, j=interpreted, Vv=VM code, C=native code)

[error occurred during error reporting (printing native stack), id 0xc0000005]


---------------  P R O C E S S  ---------------

Java Threads: ( => current thread )
  0x03451000 JavaThread "AWT-EventQueue-0" [_thread_blocked, id=1552, stack(0x037f0000,0x03840000)]
  0x02f5e400 JavaThread "Image Fetcher 3" daemon [_thread_blocked, id=1324, stack(0x03380000,0x033d0000)]
  0x02f45400 JavaThread "Image Fetcher 2" daemon [_thread_blocked, id=2756, stack(0x03330000,0x03380000)]
  0x02f35c00 JavaThread "Image Fetcher 1" daemon [_thread_blocked, id=752, stack(0x032e0000,0x03330000)]
  0x02f13000 JavaThread "Image Fetcher 0" daemon [_thread_blocked, id=3584, stack(0x03290000,0x032e0000)]
  0x02f0ac00 JavaThread "AWT-Windows" daemon [_thread_in_native, id=2116, stack(0x03200000,0x03250000)]
  0x02f09400 JavaThread "AWT-Shutdown" [_thread_blocked, id=600, stack(0x031b0000,0x03200000)]
  0x02c3f400 JavaThread "Java2D Disposer" daemon [_thread_blocked, id=1492, stack(0x03160000,0x031b0000)]
  0x02bb0400 JavaThread "Low Memory Detector" daemon [_thread_blocked, id=3384, stack(0x02e20000,0x02e70000)]
  0x02ba1800 JavaThread "CompilerThread0" daemon [_thread_blocked, id=2944, stack(0x02dd0000,0x02e20000)]
  0x02ba0000 JavaThread "Attach Listener" daemon [_thread_blocked, id=1908, stack(0x02d80000,0x02dd0000)]
  0x02b9ec00 JavaThread "Signal Dispatcher" daemon [_thread_blocked, id=944, stack(0x02d30000,0x02d80000)]
  0x02b9b000 JavaThread "Finalizer" daemon [_thread_blocked, id=468, stack(0x02ce0000,0x02d30000)]
  0x02b96400 JavaThread "Reference Handler" daemon [_thread_blocked, id=3200, stack(0x02c90000,0x02ce0000)]
=>0x003a6800 JavaThread "main" [_thread_in_Java, id=3868, stack(0x00990000,0x009e0000)]

Other Threads:
  0x02b5a400 VMThread [stack: 0x02c40000,0x02c90000] [id=2412]
  0x02bb2400 WatcherThread [stack: 0x02e70000,0x02ec0000] [id=3140]

VM state:not at safepoint (normal execution)

VM Mutex/Monitor currently owned by a thread: None

Heap
 def new generation   total 2432K, used 1566K [0x22a60000, 0x22d00000, 0x25500000)
  eden space 2176K,  63% used [0x22a60000, 0x22bbb520, 0x22c80000)
  from space 256K,  69% used [0x22cc0000, 0x22cec300, 0x22d00000)
  to   space 256K,   0% used [0x22c80000, 0x22c80000, 0x22cc0000)
 tenured generation   total 5504K, used 621K [0x25500000, 0x25a60000, 0x2aa60000)
   the space 5504K,  11% used [0x25500000, 0x2559b6f8, 0x2559b800, 0x25a60000)
 compacting perm gen  total 12288K, used 1458K [0x2aa60000, 0x2b660000, 0x2ea60000)
   the space 12288K,  11% used [0x2aa60000, 0x2abcca00, 0x2abcca00, 0x2b660000)
    ro space 10240K,  51% used [0x2ea60000, 0x2ef8cf58, 0x2ef8d000, 0x2f460000)
    rw space 12288K,  54% used [0x2f460000, 0x2faf8f50, 0x2faf9000, 0x30060000)

Dynamic libraries:
0x00400000 - 0x00424000 	C:\Archivos de programa\Java\jre6\bin\javaw.exe
0x7c910000 - 0x7c9c8000 	C:\WINDOWS\system32\ntdll.dll
0x7c800000 - 0x7c903000 	C:\WINDOWS\system32\kernel32.dll
0x64d00000 - 0x64d31000 	C:\Archivos de programa\Alwil Software\Avast5\snxhk.dll
0x77da0000 - 0x77e4c000 	C:\WINDOWS\system32\ADVAPI32.dll
0x77e50000 - 0x77ee3000 	C:\WINDOWS\system32\RPCRT4.dll
0x77fc0000 - 0x77fd1000 	C:\WINDOWS\system32\Secur32.dll
0x7e390000 - 0x7e421000 	C:\WINDOWS\system32\USER32.dll
0x77ef0000 - 0x77f39000 	C:\WINDOWS\system32\GDI32.dll
0x7c340000 - 0x7c396000 	C:\Archivos de programa\Java\jre6\bin\msvcr71.dll
0x6d7f0000 - 0x6da96000 	C:\Archivos de programa\Java\jre6\bin\client\jvm.dll
0x76b00000 - 0x76b2e000 	C:\WINDOWS\system32\WINMM.dll
0x6d7a0000 - 0x6d7ac000 	C:\Archivos de programa\Java\jre6\bin\verify.dll
0x6d320000 - 0x6d33f000 	C:\Archivos de programa\Java\jre6\bin\java.dll
0x6d280000 - 0x6d288000 	C:\Archivos de programa\Java\jre6\bin\hpi.dll
0x76bb0000 - 0x76bbb000 	C:\WINDOWS\system32\PSAPI.DLL
0x6d7e0000 - 0x6d7ef000 	C:\Archivos de programa\Java\jre6\bin\zip.dll
0x6d000000 - 0x6d14a000 	C:\Archivos de programa\Java\jre6\bin\awt.dll
0x72f80000 - 0x72fa6000 	C:\WINDOWS\system32\WINSPOOL.DRV
0x77be0000 - 0x77c38000 	C:\WINDOWS\system32\msvcrt.dll
0x76340000 - 0x7635d000 	C:\WINDOWS\system32\IMM32.dll
0x774b0000 - 0x775ee000 	C:\WINDOWS\system32\ole32.dll
0x773a0000 - 0x774a3000 	C:\WINDOWS\WinSxS\x86_Microsoft.Windows.Common-Controls_6595b64144ccf1df_6.0.2600.6028_x-ww_61e65202\COMCTL32.dll
0x77f40000 - 0x77fb6000 	C:\WINDOWS\system32\SHLWAPI.dll
0x5b150000 - 0x5b188000 	C:\WINDOWS\system32\uxtheme.dll
0x746b0000 - 0x746fc000 	C:\WINDOWS\system32\MSCTF.dll
0x7e6a0000 - 0x7eec1000 	C:\WINDOWS\system32\shell32.dll
0x6d230000 - 0x6d27f000 	C:\Archivos de programa\Java\jre6\bin\fontmanager.dll
0x6d600000 - 0x6d613000 	C:\Archivos de programa\Java\jre6\bin\net.dll
0x71a30000 - 0x71a47000 	C:\WINDOWS\system32\WS2_32.dll
0x71a20000 - 0x71a28000 	C:\WINDOWS\system32\WS2HELP.dll
0x719d0000 - 0x71a10000 	C:\WINDOWS\System32\mswsock.dll
0x76ee0000 - 0x76f07000 	C:\WINDOWS\system32\DNSAPI.dll
0x76f70000 - 0x76f78000 	C:\WINDOWS\System32\winrnr.dll
0x76f20000 - 0x76f4d000 	C:\WINDOWS\system32\WLDAP32.dll
0x76f80000 - 0x76f86000 	C:\WINDOWS\system32\rasadhlp.dll
0x66740000 - 0x66799000 	C:\WINDOWS\system32\hnetcfg.dll
0x71a10000 - 0x71a18000 	C:\WINDOWS\System32\wshtcpip.dll
0x6d620000 - 0x6d629000 	C:\Archivos de programa\Java\jre6\bin\nio.dll

VM Arguments:
jvm_args: -Dfile.encoding=UTF-8 
java_command: Principal.Gui.GuiPrincipal
Launcher Type: SUN_STANDARD

Environment Variables:
PATH=C:/Archivos de programa/Java/jre6/bin/client;C:/Archivos de programa/Java/jre6/bin;C:\Archivos de programa\MiKTeX 2.9\miktex\bin;C:\WINDOWS\system32;C:\WINDOWS;C:\WINDOWS\System32\Wbem;C:\Archivos de programa\Java\jdk1.6.0_24\bin;C:\Archivos de programa\Git\cmd
USERNAME=camilo
OS=Windows_NT
PROCESSOR_IDENTIFIER=x86 Family 15 Model 2 Stepping 9, GenuineIntel



---------------  S Y S T E M  ---------------

OS: Windows XP Build 2600 Service Pack 3

CPU:total 1 (1 cores per cpu, 1 threads per core) family 15 model 2 stepping 9, cmov, cx8, fxsr, mmx, sse, sse2

Memory: 4k page, physical 523760k(105020k free), swap 1280112k(544556k free)

vm_info: Java HotSpot(TM) Client VM (19.1-b02) for windows-x86 JRE (1.6.0_24-b07), built on Feb  2 2011 17:44:41 by "java_re" with MS VC++ 7.1 (VS2003)

time: Sun May 15 15:00:06 2011
elapsed time: 1 seconds

